<?xml version="1.0" encoding="UTF-8"?>
<!-- Generated by org.testng.reporters.JUnitXMLReporter -->
<testsuite ignored="3" hostname="LAPTOP-8URA8GOU" failures="0" tests="5" name="Test" time="51.444" errors="0" timestamp="2026-07-02T10:16:54 IST">
  <testcase classname="com.hrmtest.tests.DummyTest" name="testTitle" time="0.01"/>
  <testcase classname="com.hrmtest.tests.LoginPageTest" name="invalidLoginTest" time="4.183"/>
  <testcase classname="com.hrmtest.tests.HomePageTest" name="verifyOrangeHRMlogo" time="26.515"/>
  <testcase classname="com.hrmtest.tests.DBTest" name="verifyEmployeeDetailsTest" time="19.939"/>
  <testcase classname="com.hrmtest.tests.LoginPageTest" name="validLoginTest" time="23.922"/>
  <testcase classname="com.hrmtest.base.BaseClass" name="@BeforeSuite loadConfig" time="0.0">
    <ignored/>
  </testcase> <!-- @BeforeSuite loadConfig -->
  <testcase classname="com.hrmtest.base.BaseClass" name="@BeforeSuite loadConfig" time="0.0">
    <ignored/>
  </testcase> <!-- @BeforeSuite loadConfig -->
  <testcase classname="com.hrmtest.base.BaseClass" name="@BeforeSuite loadConfig" time="0.0">
    <ignored/>
  </testcase> <!-- @BeforeSuite loadConfig -->
</testsuite> <!-- Test -->
