<?xml version="1.0" encoding="UTF-8"?>
<!-- Generated by org.testng.reporters.JUnitXMLReporter -->
<testsuite ignored="2" hostname="LAPTOP-8URA8GOU" failures="0" tests="4" name="Test" time="63.823" errors="0" timestamp="2026-07-08T07:27:16 IST">
  <testcase classname="com.hrmtest.tests.LoginPageTest" name="invalidLoginTest" time="4.395"/>
  <testcase classname="com.hrmtest.tests.DBTest" name="verifyEmployeeDetailsTest" time="26.151"/>
  <testcase classname="com.hrmtest.tests.HomePageTest" name="verifyOrangeHRMlogo" time="27.928"/>
  <testcase classname="com.hrmtest.tests.LoginPageTest" name="validLoginTest" time="26.966"/>
  <testcase classname="com.hrmtest.base.BaseClass" name="@BeforeSuite loadConfig" time="0.0">
    <ignored/>
  </testcase> <!-- @BeforeSuite loadConfig -->
  <testcase classname="com.hrmtest.base.BaseClass" name="@BeforeSuite loadConfig" time="0.0">
    <ignored/>
  </testcase> <!-- @BeforeSuite loadConfig -->
</testsuite> <!-- Test -->
