<?xml version="1.0" encoding="UTF-8"?>
<!-- Generated by org.testng.reporters.JUnitXMLReporter -->
<testsuite ignored="3" hostname="LAPTOP-8URA8GOU" failures="0" tests="5" name="Test" time="70.537" errors="0" timestamp="2026-07-03T09:18:52 IST">
  <testcase classname="com.hrmtest.tests.DummyTest" name="testTitle" time="0.021"/>
  <testcase classname="com.hrmtest.tests.LoginPageTest" name="invalidLoginTest" time="4.285"/>
  <testcase classname="com.hrmtest.tests.HomePageTest" name="verifyOrangeHRMlogo" time="33.767"/>
  <testcase classname="com.hrmtest.tests.DBTest" name="verifyEmployeeDetailsTest" time="22.689"/>
  <testcase classname="com.hrmtest.tests.LoginPageTest" name="validLoginTest" time="27.068"/>
  <testcase classname="com.hrmtest.base.BaseClass" name="@BeforeSuite loadConfig" time="0.0">
    <ignored/>
  </testcase> <!-- @BeforeSuite loadConfig -->
  <testcase classname="com.hrmtest.base.BaseClass" name="@BeforeSuite loadConfig" time="0.0">
    <ignored/>
  </testcase> <!-- @BeforeSuite loadConfig -->
  <testcase classname="com.hrmtest.base.BaseClass" name="@BeforeSuite loadConfig" time="0.0">
    <ignored/>
  </testcase> <!-- @BeforeSuite loadConfig -->
</testsuite> <!-- Test -->
