<?xml version="1.0" encoding="UTF-8"?>
<testng-results ignored="0" total="5" passed="5" failed="0" skipped="0">
  <reporter-output>
  </reporter-output>
  <suite started-at="2026-07-03T09:17:40 IST" name="Suite" finished-at="2026-07-03T09:18:51 IST" duration-ms="70537">
    <groups>
    </groups>
    <test started-at="2026-07-03T09:17:40 IST" name="Test" finished-at="2026-07-03T09:18:51 IST" duration-ms="70537">
      <class name="com.hrmtest.tests.DBTest">
        <test-method is-config="true" signature="setup()[pri:0, instance:com.hrmtest.tests.DBTest@558bdf1f]" started-at="2026-07-03T09:18:04 IST" name="setup" finished-at="2026-07-03T09:18:23 IST" duration-ms="18183" status="PASS">
          <reporter-output>
          </reporter-output>
        </test-method> <!-- setup -->
        <test-method is-config="true" signature="setupPages()[pri:0, instance:com.hrmtest.tests.DBTest@558bdf1f]" started-at="2026-07-03T09:18:23 IST" name="setupPages" finished-at="2026-07-03T09:18:23 IST" duration-ms="1" status="PASS">
          <reporter-output>
          </reporter-output>
        </test-method> <!-- setupPages -->
        <test-method signature="verifyEmployeeDetailsTest(java.lang.String,java.lang.String)[pri:0, instance:com.hrmtest.tests.DBTest@558bdf1f]" started-at="2026-07-03T09:18:23 IST" name="verifyEmployeeDetailsTest" data-provider="DBTesting" finished-at="2026-07-03T09:18:45 IST" duration-ms="22689" status="PASS">
          <params>
            <param index="0">
              <value>
                <![CDATA[2.0]]>
              </value>
            </param>
            <param index="1">
              <value>
                <![CDATA[john]]>
              </value>
            </param>
          </params>
          <reporter-output>
          </reporter-output>
        </test-method> <!-- verifyEmployeeDetailsTest -->
        <test-method is-config="true" signature="tearDown()[pri:0, instance:com.hrmtest.tests.DBTest@558bdf1f]" started-at="2026-07-03T09:18:45 IST" name="tearDown" finished-at="2026-07-03T09:18:47 IST" duration-ms="1950" status="PASS">
          <reporter-output>
          </reporter-output>
        </test-method> <!-- tearDown -->
      </class> <!-- com.hrmtest.tests.DBTest -->
      <class name="com.hrmtest.tests.DummyTest">
        <test-method is-config="true" signature="loadConfig()[pri:0, instance:com.hrmtest.tests.DummyTest@30c93896]" started-at="2026-07-03T09:17:40 IST" name="loadConfig" finished-at="2026-07-03T09:17:40 IST" duration-ms="49" status="PASS">
          <reporter-output>
          </reporter-output>
        </test-method> <!-- loadConfig -->
        <test-method is-config="true" signature="setup()[pri:0, instance:com.hrmtest.tests.DummyTest@30c93896]" started-at="2026-07-03T09:17:40 IST" name="setup" finished-at="2026-07-03T09:17:59 IST" duration-ms="18802" status="PASS">
          <reporter-output>
          </reporter-output>
        </test-method> <!-- setup -->
        <test-method signature="testTitle()[pri:0, instance:com.hrmtest.tests.DummyTest@30c93896]" started-at="2026-07-03T09:17:59 IST" name="testTitle" finished-at="2026-07-03T09:17:59 IST" duration-ms="21" status="PASS">
          <reporter-output>
          </reporter-output>
        </test-method> <!-- testTitle -->
        <test-method is-config="true" signature="tearDown()[pri:0, instance:com.hrmtest.tests.DummyTest@30c93896]" started-at="2026-07-03T09:17:59 IST" name="tearDown" finished-at="2026-07-03T09:18:04 IST" duration-ms="5073" status="PASS">
          <reporter-output>
          </reporter-output>
        </test-method> <!-- tearDown -->
      </class> <!-- com.hrmtest.tests.DummyTest -->
      <class name="com.hrmtest.tests.LoginPageTest">
        <test-method is-config="true" signature="setup()[pri:0, instance:com.hrmtest.tests.LoginPageTest@56673b2c]" started-at="2026-07-03T09:17:41 IST" name="setup" finished-at="2026-07-03T09:17:59 IST" duration-ms="18119" status="PASS">
          <reporter-output>
          </reporter-output>
        </test-method> <!-- setup -->
        <test-method is-config="true" signature="setupPages()[pri:0, instance:com.hrmtest.tests.LoginPageTest@56673b2c]" started-at="2026-07-03T09:17:59 IST" name="setupPages" finished-at="2026-07-03T09:17:59 IST" duration-ms="4" status="PASS">
          <reporter-output>
          </reporter-output>
        </test-method> <!-- setupPages -->
        <test-method signature="invalidLoginTest(java.lang.String,java.lang.String)[pri:0, instance:com.hrmtest.tests.LoginPageTest@56673b2c]" started-at="2026-07-03T09:17:59 IST" name="invalidLoginTest" data-provider="InvalidLogin" finished-at="2026-07-03T09:18:03 IST" duration-ms="4285" status="PASS">
          <params>
            <param index="0">
              <value>
                <![CDATA[orangehrm2]]>
              </value>
            </param>
            <param index="1">
              <value>
                <![CDATA[Admin$1234]]>
              </value>
            </param>
          </params>
          <reporter-output>
          </reporter-output>
        </test-method> <!-- invalidLoginTest -->
        <test-method is-config="true" signature="tearDown()[pri:0, instance:com.hrmtest.tests.LoginPageTest@56673b2c]" started-at="2026-07-03T09:18:03 IST" name="tearDown" finished-at="2026-07-03T09:18:05 IST" duration-ms="1241" status="PASS">
          <reporter-output>
          </reporter-output>
        </test-method> <!-- tearDown -->
        <test-method is-config="true" signature="setup()[pri:0, instance:com.hrmtest.tests.LoginPageTest@56673b2c]" started-at="2026-07-03T09:18:05 IST" name="setup" finished-at="2026-07-03T09:18:22 IST" duration-ms="17156" status="PASS">
          <reporter-output>
          </reporter-output>
        </test-method> <!-- setup -->
        <test-method is-config="true" signature="setupPages()[pri:0, instance:com.hrmtest.tests.LoginPageTest@56673b2c]" started-at="2026-07-03T09:18:22 IST" name="setupPages" finished-at="2026-07-03T09:18:22 IST" duration-ms="0" status="PASS">
          <reporter-output>
          </reporter-output>
        </test-method> <!-- setupPages -->
        <test-method signature="validLoginTest(java.lang.String,java.lang.String)[pri:0, instance:com.hrmtest.tests.LoginPageTest@56673b2c]" started-at="2026-07-03T09:18:22 IST" name="validLoginTest" data-provider="ValidLogin" finished-at="2026-07-03T09:18:49 IST" duration-ms="27068" status="PASS">
          <params>
            <param index="0">
              <value>
                <![CDATA[orangehrm1]]>
              </value>
            </param>
            <param index="1">
              <value>
                <![CDATA[aDmin$1234]]>
              </value>
            </param>
          </params>
          <reporter-output>
          </reporter-output>
        </test-method> <!-- validLoginTest -->
        <test-method is-config="true" signature="tearDown()[pri:0, instance:com.hrmtest.tests.LoginPageTest@56673b2c]" started-at="2026-07-03T09:18:49 IST" name="tearDown" finished-at="2026-07-03T09:18:51 IST" duration-ms="1724" status="PASS">
          <reporter-output>
          </reporter-output>
        </test-method> <!-- tearDown -->
      </class> <!-- com.hrmtest.tests.LoginPageTest -->
      <class name="com.hrmtest.tests.HomePageTest">
        <test-method is-config="true" signature="setup()[pri:0, instance:com.hrmtest.tests.HomePageTest@27216cd]" started-at="2026-07-03T09:17:41 IST" name="setup" finished-at="2026-07-03T09:17:59 IST" duration-ms="18128" status="PASS">
          <reporter-output>
          </reporter-output>
        </test-method> <!-- setup -->
        <test-method is-config="true" signature="setupPages()[pri:0, instance:com.hrmtest.tests.HomePageTest@27216cd]" started-at="2026-07-03T09:17:59 IST" name="setupPages" finished-at="2026-07-03T09:17:59 IST" duration-ms="2" status="PASS">
          <reporter-output>
          </reporter-output>
        </test-method> <!-- setupPages -->
        <test-method signature="verifyOrangeHRMlogo(java.lang.String,java.lang.String)[pri:0, instance:com.hrmtest.tests.HomePageTest@27216cd]" started-at="2026-07-03T09:17:59 IST" name="verifyOrangeHRMlogo" data-provider="ValidLogin" finished-at="2026-07-03T09:18:33 IST" duration-ms="33767" status="PASS">
          <params>
            <param index="0">
              <value>
                <![CDATA[orangehrm1]]>
              </value>
            </param>
            <param index="1">
              <value>
                <![CDATA[aDmin$1234]]>
              </value>
            </param>
          </params>
          <reporter-output>
          </reporter-output>
        </test-method> <!-- verifyOrangeHRMlogo -->
        <test-method is-config="true" signature="tearDown()[pri:0, instance:com.hrmtest.tests.HomePageTest@27216cd]" started-at="2026-07-03T09:18:33 IST" name="tearDown" finished-at="2026-07-03T09:18:34 IST" duration-ms="1106" status="PASS">
          <reporter-output>
          </reporter-output>
        </test-method> <!-- tearDown -->
      </class> <!-- com.hrmtest.tests.HomePageTest -->
    </test> <!-- Test -->
  </suite> <!-- Suite -->
</testng-results>
