<?xml version="1.0" encoding="UTF-8"?>
<testng-results ignored="0" total="5" passed="5" failed="0" skipped="0">
  <reporter-output>
  </reporter-output>
  <suite started-at="2026-07-03T09:32:32 IST" name="Suite" finished-at="2026-07-03T09:33:57 IST" duration-ms="85312">
    <groups>
    </groups>
    <test started-at="2026-07-03T09:32:32 IST" name="Test" finished-at="2026-07-03T09:33:57 IST" duration-ms="85312">
      <class name="com.hrmtest.tests.DBTest">
        <test-method is-config="true" signature="setup()[pri:0, instance:com.hrmtest.tests.DBTest@558bdf1f]" started-at="2026-07-03T09:32:58 IST" name="setup" finished-at="2026-07-03T09:33:12 IST" duration-ms="13752" status="PASS">
          <reporter-output>
          </reporter-output>
        </test-method> <!-- setup -->
        <test-method is-config="true" signature="setupPages()[pri:0, instance:com.hrmtest.tests.DBTest@558bdf1f]" started-at="2026-07-03T09:33:12 IST" name="setupPages" finished-at="2026-07-03T09:33:12 IST" duration-ms="7" status="PASS">
          <reporter-output>
          </reporter-output>
        </test-method> <!-- setupPages -->
        <test-method signature="verifyEmployeeDetailsTest(java.lang.String,java.lang.String)[pri:0, instance:com.hrmtest.tests.DBTest@558bdf1f]" started-at="2026-07-03T09:33:12 IST" name="verifyEmployeeDetailsTest" data-provider="DBTesting" finished-at="2026-07-03T09:33:39 IST" duration-ms="27433" status="PASS">
          <params>
            <param index="0">
              <value>
                <![CDATA[2.0]]>
              </value>
            </param>
            <param index="1">
              <value>
                <![CDATA[john]]>
              </value>
            </param>
          </params>
          <reporter-output>
          </reporter-output>
        </test-method> <!-- verifyEmployeeDetailsTest -->
        <test-method is-config="true" signature="tearDown()[pri:0, instance:com.hrmtest.tests.DBTest@558bdf1f]" started-at="2026-07-03T09:33:39 IST" name="tearDown" finished-at="2026-07-03T09:33:40 IST" duration-ms="634" status="PASS">
          <reporter-output>
          </reporter-output>
        </test-method> <!-- tearDown -->
      </class> <!-- com.hrmtest.tests.DBTest -->
      <class name="com.hrmtest.tests.LoginPageTest">
        <test-method is-config="true" signature="setup()[pri:0, instance:com.hrmtest.tests.LoginPageTest@56673b2c]" started-at="2026-07-03T09:32:33 IST" name="setup" finished-at="2026-07-03T09:32:48 IST" duration-ms="15150" status="PASS">
          <reporter-output>
          </reporter-output>
        </test-method> <!-- setup -->
        <test-method is-config="true" signature="setupPages()[pri:0, instance:com.hrmtest.tests.LoginPageTest@56673b2c]" started-at="2026-07-03T09:32:48 IST" name="setupPages" finished-at="2026-07-03T09:32:48 IST" duration-ms="15" status="PASS">
          <reporter-output>
          </reporter-output>
        </test-method> <!-- setupPages -->
        <test-method signature="invalidLoginTest(java.lang.String,java.lang.String)[pri:0, instance:com.hrmtest.tests.LoginPageTest@56673b2c]" started-at="2026-07-03T09:32:48 IST" name="invalidLoginTest" data-provider="InvalidLogin" finished-at="2026-07-03T09:33:06 IST" duration-ms="17815" status="PASS">
          <params>
            <param index="0">
              <value>
                <![CDATA[orangehrm2]]>
              </value>
            </param>
            <param index="1">
              <value>
                <![CDATA[Admin$1234]]>
              </value>
            </param>
          </params>
          <reporter-output>
          </reporter-output>
        </test-method> <!-- invalidLoginTest -->
        <test-method is-config="true" signature="tearDown()[pri:0, instance:com.hrmtest.tests.LoginPageTest@56673b2c]" started-at="2026-07-03T09:33:06 IST" name="tearDown" finished-at="2026-07-03T09:33:20 IST" duration-ms="13344" status="PASS">
          <reporter-output>
          </reporter-output>
        </test-method> <!-- tearDown -->
        <test-method is-config="true" signature="setup()[pri:0, instance:com.hrmtest.tests.LoginPageTest@56673b2c]" started-at="2026-07-03T09:33:20 IST" name="setup" finished-at="2026-07-03T09:33:31 IST" duration-ms="11048" status="PASS">
          <reporter-output>
          </reporter-output>
        </test-method> <!-- setup -->
        <test-method is-config="true" signature="setupPages()[pri:0, instance:com.hrmtest.tests.LoginPageTest@56673b2c]" started-at="2026-07-03T09:33:31 IST" name="setupPages" finished-at="2026-07-03T09:33:31 IST" duration-ms="2" status="PASS">
          <reporter-output>
          </reporter-output>
        </test-method> <!-- setupPages -->
        <test-method signature="validLoginTest(java.lang.String,java.lang.String)[pri:0, instance:com.hrmtest.tests.LoginPageTest@56673b2c]" started-at="2026-07-03T09:33:31 IST" name="validLoginTest" data-provider="ValidLogin" finished-at="2026-07-03T09:33:57 IST" duration-ms="25620" status="PASS">
          <params>
            <param index="0">
              <value>
                <![CDATA[orangehrm1]]>
              </value>
            </param>
            <param index="1">
              <value>
                <![CDATA[aDmin$1234]]>
              </value>
            </param>
          </params>
          <reporter-output>
          </reporter-output>
        </test-method> <!-- validLoginTest -->
        <test-method is-config="true" signature="tearDown()[pri:0, instance:com.hrmtest.tests.LoginPageTest@56673b2c]" started-at="2026-07-03T09:33:57 IST" name="tearDown" finished-at="2026-07-03T09:33:57 IST" duration-ms="600" status="PASS">
          <reporter-output>
          </reporter-output>
        </test-method> <!-- tearDown -->
      </class> <!-- com.hrmtest.tests.LoginPageTest -->
      <class name="com.hrmtest.tests.DummyTest">
        <test-method is-config="true" signature="loadConfig()[pri:0, instance:com.hrmtest.tests.DummyTest@30c93896]" started-at="2026-07-03T09:32:32 IST" name="loadConfig" finished-at="2026-07-03T09:32:32 IST" duration-ms="19" status="PASS">
          <reporter-output>
          </reporter-output>
        </test-method> <!-- loadConfig -->
        <test-method is-config="true" signature="setup()[pri:0, instance:com.hrmtest.tests.DummyTest@30c93896]" started-at="2026-07-03T09:32:32 IST" name="setup" finished-at="2026-07-03T09:32:48 IST" duration-ms="15297" status="PASS">
          <reporter-output>
          </reporter-output>
        </test-method> <!-- setup -->
        <test-method signature="testTitle()[pri:0, instance:com.hrmtest.tests.DummyTest@30c93896]" started-at="2026-07-03T09:32:48 IST" name="testTitle" finished-at="2026-07-03T09:32:48 IST" duration-ms="157" status="PASS">
          <reporter-output>
          </reporter-output>
        </test-method> <!-- testTitle -->
        <test-method is-config="true" signature="tearDown()[pri:0, instance:com.hrmtest.tests.DummyTest@30c93896]" started-at="2026-07-03T09:32:48 IST" name="tearDown" finished-at="2026-07-03T09:32:58 IST" duration-ms="9664" status="PASS">
          <reporter-output>
          </reporter-output>
        </test-method> <!-- tearDown -->
      </class> <!-- com.hrmtest.tests.DummyTest -->
      <class name="com.hrmtest.tests.HomePageTest">
        <test-method is-config="true" signature="setup()[pri:0, instance:com.hrmtest.tests.HomePageTest@27216cd]" started-at="2026-07-03T09:32:33 IST" name="setup" finished-at="2026-07-03T09:32:48 IST" duration-ms="15295" status="PASS">
          <reporter-output>
          </reporter-output>
        </test-method> <!-- setup -->
        <test-method is-config="true" signature="setupPages()[pri:0, instance:com.hrmtest.tests.HomePageTest@27216cd]" started-at="2026-07-03T09:32:48 IST" name="setupPages" finished-at="2026-07-03T09:32:48 IST" duration-ms="4" status="PASS">
          <reporter-output>
          </reporter-output>
        </test-method> <!-- setupPages -->
        <test-method signature="verifyOrangeHRMlogo(java.lang.String,java.lang.String)[pri:0, instance:com.hrmtest.tests.HomePageTest@27216cd]" started-at="2026-07-03T09:32:48 IST" name="verifyOrangeHRMlogo" data-provider="ValidLogin" finished-at="2026-07-03T09:33:30 IST" duration-ms="41592" status="PASS">
          <params>
            <param index="0">
              <value>
                <![CDATA[orangehrm1]]>
              </value>
            </param>
            <param index="1">
              <value>
                <![CDATA[aDmin$1234]]>
              </value>
            </param>
          </params>
          <reporter-output>
          </reporter-output>
        </test-method> <!-- verifyOrangeHRMlogo -->
        <test-method is-config="true" signature="tearDown()[pri:0, instance:com.hrmtest.tests.HomePageTest@27216cd]" started-at="2026-07-03T09:33:30 IST" name="tearDown" finished-at="2026-07-03T09:33:31 IST" duration-ms="1116" status="PASS">
          <reporter-output>
          </reporter-output>
        </test-method> <!-- tearDown -->
      </class> <!-- com.hrmtest.tests.HomePageTest -->
    </test> <!-- Test -->
  </suite> <!-- Suite -->
</testng-results>
