<?xml version="1.0" encoding="UTF-8"?>
<testsuite xmlns:xsi="http://www.w3.org/2001/XMLSchema-instance" xsi:noNamespaceSchemaLocation="https://maven.apache.org/surefire/maven-surefire-plugin/xsd/surefire-test-report.xsd" version="3.0.1" name="TestSuite" time="73.341" tests="5" errors="0" skipped="0" failures="0">
  <properties>
[...]
</properties>
  <testcase name="testTitle" classname="com.hrmtest.tests.DummyTest" time="0.151">
    <system-out><![CDATA[2026-07-03 09:17:40 [main] INFO  BaseClass - Configuration is completed
2026-07-03 09:17:45 [TestNG-test-Test-2] INFO  BaseClass - FirefoxDriver initialized
2026-07-03 09:17:46 [TestNG-test-Test-1] INFO  BaseClass - FirefoxDriver initialized
2026-07-03 09:17:46 [TestNG-test-Test-3] INFO  BaseClass - FirefoxDriver initialized
2026-07-03 09:17:59 [TestNG-test-Test-2] INFO  BaseClass - ActionDriver is initialized42
2026-07-03 09:17:59 [TestNG-test-Test-1] INFO  BaseClass - ActionDriver is initialized41
2026-07-03 09:17:59 [TestNG-test-Test-3] INFO  BaseClass - ActionDriver is initialized43
2026-07-03 09:17:59 [TestNG-test-Test-1] INFO  DummyTest - Title matched
]]></system-out>
    <system-err><![CDATA[SLF4J(W): No SLF4J providers were found.
SLF4J(W): Defaulting to no-operation (NOP) logger implementation
SLF4J(W): See https://www.slf4j.org/codes.html#noProviders for further details.
2026-07-03T03:47:40.585294100Z main WARN No Root logger was configured, creating default ERROR-level Root logger with Console appender
]]></system-err>
  </testcase>
  <testcase name="invalidLoginTest[orangehrm2, Admin$1234](1)" classname="com.hrmtest.tests.LoginPageTest" time="4.317">
    <system-out><![CDATA[2026-07-03 09:17:59 [TestNG-test-Test-2] INFO  ActionDriver - Applied border for element Element with name:username
2026-07-03 09:17:59 [TestNG-test-Test-2] INFO  ActionDriver - Entered text to element:Element with name:username
2026-07-03 09:17:59 [TestNG-test-Test-3] INFO  ActionDriver - Applied border for element Element with name:username
2026-07-03 09:18:00 [TestNG-test-Test-3] INFO  ActionDriver - Entered text to element:Element with name:username
2026-07-03 09:18:00 [TestNG-test-Test-2] INFO  ActionDriver - Applied border for element Element with name:password
2026-07-03 09:18:00 [TestNG-test-Test-2] INFO  ActionDriver - Entered text to element:Element with name:password
2026-07-03 09:18:00 [TestNG-test-Test-3] INFO  ActionDriver - Applied border for element Element with name:password
2026-07-03 09:18:00 [TestNG-test-Test-2] INFO  ActionDriver - Applied border for element Element with Text:Login
2026-07-03 09:18:00 [TestNG-test-Test-3] INFO  ActionDriver - Entered text to element:Element with name:password
2026-07-03 09:18:00 [TestNG-test-Test-3] INFO  ActionDriver - Applied border for element Element with Text:Login
2026-07-03 09:18:03 [TestNG-test-Test-2] INFO  ActionDriver - Clicked an element Element with Text:Login
2026-07-03 09:18:03 [TestNG-test-Test-2] INFO  ActionDriver - Applied border for element Element with Text:Invalid credentials
2026-07-03 09:18:03 [TestNG-test-Test-2] INFO  ActionDriver - Compare Text passed Invalid credentials equals Invalid credentials
]]></system-out>
  </testcase>
  <testcase name="validLoginTest[orangehrm1, aDmin$1234](1)" classname="com.hrmtest.tests.LoginPageTest" time="26.367">
    <system-out><![CDATA[2026-07-03 09:18:49 [TestNG-test-Test-2] ERROR ActionDriver - Unable to get Element Description:Unable to locate element: //a[text()='Logout']
For documentation on this error, please visit: https://www.selenium.dev/documentation/webdriver/troubleshooting/errors#nosuchelementexception
Build info: version: '4.40.0', revision: 'b3333f1'
System info: os.name: 'Windows 11', os.arch: 'amd64', os.version: '10.0', java.version: '21.0.8'
Driver info: org.openqa.selenium.firefox.FirefoxDriver
Command: [0e53afb5-fe6f-4ed9-b915-2b2a9bed624d, findElement {value=//a[text()='Logout'], using=xpath}]
Capabilities {acceptInsecureCerts: true, browserName: firefox, browserVersion: 152.0.4, moz:accessibilityChecks: false, moz:buildID: 20260629141727, moz:geckodriverVersion: 0.37.0, moz:headless: true, moz:platformVersion: 10.0, moz:processID: 24992, moz:profile: C:\Users\Sharu\AppData\Loca..., moz:shutdownTimeout: 60000, moz:webdriverClick: true, moz:windowless: false, pageLoadStrategy: normal, platformName: windows, proxy: Proxy(), setWindowRect: true, strictFileInteractability: false, timeouts: {implicit: 0, pageLoad: 300000, script: 30000}, unhandledPromptBehavior: dismiss and notify, userAgent: Mozilla/5.0 (Windows NT 10....}
Session ID: 0e53afb5-fe6f-4ed9-b915-2b2a9bed624d
2026-07-03 09:18:49 [TestNG-test-Test-2] INFO  ActionDriver - Clicked an element Unable to get Element Description
]]></system-out>
  </testcase>
  <testcase name="verifyOrangeHRMlogo[orangehrm1, aDmin$1234](1)" classname="com.hrmtest.tests.HomePageTest" time="10.34">
    <system-out><![CDATA[2026-07-03 09:18:10 [TestNG-test-Test-3] ERROR ActionDriver - Unable to get Element Description:Unable to locate element: //button[text()=' Login ']
For documentation on this error, please visit: https://www.selenium.dev/documentation/webdriver/troubleshooting/errors#nosuchelementexception
Build info: version: '4.40.0', revision: 'b3333f1'
System info: os.name: 'Windows 11', os.arch: 'amd64', os.version: '10.0', java.version: '21.0.8'
Driver info: org.openqa.selenium.firefox.FirefoxDriver
Command: [798837db-6bb7-4ac7-b6b7-493db7ba3889, findElement {value=//button[text()=' Login '], using=xpath}]
Capabilities {acceptInsecureCerts: true, browserName: firefox, browserVersion: 152.0.4, moz:accessibilityChecks: false, moz:buildID: 20260629141727, moz:geckodriverVersion: 0.37.0, moz:headless: true, moz:platformVersion: 10.0, moz:processID: 22656, moz:profile: C:\Users\Sharu\AppData\Loca..., moz:shutdownTimeout: 60000, moz:webdriverClick: true, moz:windowless: false, pageLoadStrategy: normal, platformName: windows, proxy: Proxy(), setWindowRect: true, strictFileInteractability: false, timeouts: {implicit: 0, pageLoad: 300000, script: 30000}, unhandledPromptBehavior: dismiss and notify, userAgent: Mozilla/5.0 (Windows NT 10....}
Session ID: 798837db-6bb7-4ac7-b6b7-493db7ba3889
2026-07-03 09:18:11 [TestNG-test-Test-2] INFO  BaseClass - FirefoxDriver initialized
2026-07-03 09:18:13 [TestNG-test-Test-1] INFO  BaseClass - FirefoxDriver initialized
2026-07-03 09:18:15 [TestNG-test-Test-3] ERROR ActionDriver - Unable to get Element Description:Unable to locate element: //button[text()=' Login ']
For documentation on this error, please visit: https://www.selenium.dev/documentation/webdriver/troubleshooting/errors#nosuchelementexception
Build info: version: '4.40.0', revision: 'b3333f1'
System info: os.name: 'Windows 11', os.arch: 'amd64', os.version: '10.0', java.version: '21.0.8'
Driver info: org.openqa.selenium.firefox.FirefoxDriver
Command: [798837db-6bb7-4ac7-b6b7-493db7ba3889, findElement {value=//button[text()=' Login '], using=xpath}]
Capabilities {acceptInsecureCerts: true, browserName: firefox, browserVersion: 152.0.4, moz:accessibilityChecks: false, moz:buildID: 20260629141727, moz:geckodriverVersion: 0.37.0, moz:headless: true, moz:platformVersion: 10.0, moz:processID: 22656, moz:profile: C:\Users\Sharu\AppData\Loca..., moz:shutdownTimeout: 60000, moz:webdriverClick: true, moz:windowless: false, pageLoadStrategy: normal, platformName: windows, proxy: Proxy(), setWindowRect: true, strictFileInteractability: false, timeouts: {implicit: 0, pageLoad: 300000, script: 30000}, unhandledPromptBehavior: dismiss and notify, userAgent: Mozilla/5.0 (Windows NT 10....}
Session ID: 798837db-6bb7-4ac7-b6b7-493db7ba3889
2026-07-03 09:18:15 [TestNG-test-Test-3] INFO  ActionDriver - Clicked an element Unable to get Element Description
2026-07-03 09:18:15 [TestNG-test-Test-3] INFO  ActionDriver - Applied border for element Element with className:oxd-brand-banner
2026-07-03 09:18:15 [TestNG-test-Test-3] INFO  ActionDriver - Element is displayed:Element with className:oxd-brand-banner
2026-07-03 09:18:15 [TestNG-test-Test-3] INFO  ActionDriver - Applied border for element Element with Text:Admin
2026-07-03 09:18:15 [TestNG-test-Test-3] INFO  ActionDriver - Element is displayed:Element with Text:Admin
2026-07-03 09:18:15 [TestNG-test-Test-3] INFO  ActionDriver - Applied border for element Element with Text:Test Saranya
2026-07-03 09:18:16 [TestNG-test-Test-3] INFO  ActionDriver - Clicked an element Element with Text:Test Saranya
2026-07-03 09:18:16 [TestNG-test-Test-3] INFO  ActionDriver - Applied border for element Element with Text:Logout
2026-07-03 09:18:22 [TestNG-test-Test-2] INFO  BaseClass - ActionDriver is initialized42
2026-07-03 09:18:22 [TestNG-test-Test-2] INFO  ActionDriver - Applied border for element Element with name:username
2026-07-03 09:18:22 [TestNG-test-Test-2] INFO  ActionDriver - Entered text to element:Element with name:username
2026-07-03 09:18:22 [TestNG-test-Test-2] INFO  ActionDriver - Applied border for element Element with name:password
2026-07-03 09:18:22 [TestNG-test-Test-2] INFO  ActionDriver - Entered text to element:Element with name:password
2026-07-03 09:18:22 [TestNG-test-Test-2] INFO  ActionDriver - Applied border for element Element with Text:Login
2026-07-03 09:18:23 [TestNG-test-Test-1] INFO  BaseClass - ActionDriver is initialized41
2026-07-03 09:18:23 [TestNG-test-Test-1] INFO  ActionDriver - Applied border for element Element with name:username
2026-07-03 09:18:23 [TestNG-test-Test-1] INFO  ActionDriver - Entered text to element:Element with name:username
2026-07-03 09:18:23 [TestNG-test-Test-1] INFO  ActionDriver - Applied border for element Element with name:password
2026-07-03 09:18:23 [TestNG-test-Test-1] INFO  ActionDriver - Entered text to element:Element with name:password
2026-07-03 09:18:23 [TestNG-test-Test-1] INFO  ActionDriver - Applied border for element Element with Text:Login
2026-07-03 09:18:26 [TestNG-test-Test-3] ERROR ActionDriver - Unable to get Element Description:Unable to locate element: //a[text()='Logout']
For documentation on this error, please visit: https://www.selenium.dev/documentation/webdriver/troubleshooting/errors#nosuchelementexception
Build info: version: '4.40.0', revision: 'b3333f1'
System info: os.name: 'Windows 11', os.arch: 'amd64', os.version: '10.0', java.version: '21.0.8'
Driver info: org.openqa.selenium.firefox.FirefoxDriver
Command: [798837db-6bb7-4ac7-b6b7-493db7ba3889, findElement {value=//a[text()='Logout'], using=xpath}]
Capabilities {acceptInsecureCerts: true, browserName: firefox, browserVersion: 152.0.4, moz:accessibilityChecks: false, moz:buildID: 20260629141727, moz:geckodriverVersion: 0.37.0, moz:headless: true, moz:platformVersion: 10.0, moz:processID: 22656, moz:profile: C:\Users\Sharu\AppData\Loca..., moz:shutdownTimeout: 60000, moz:webdriverClick: true, moz:windowless: false, pageLoadStrategy: normal, platformName: windows, proxy: Proxy(), setWindowRect: true, strictFileInteractability: false, timeouts: {implicit: 0, pageLoad: 300000, script: 30000}, unhandledPromptBehavior: dismiss and notify, userAgent: Mozilla/5.0 (Windows NT 10....}
Session ID: 798837db-6bb7-4ac7-b6b7-493db7ba3889
2026-07-03 09:18:32 [TestNG-test-Test-2] ERROR ActionDriver - Unable to get Element Description:Unable to locate element: //button[text()=' Login ']
For documentation on this error, please visit: https://www.selenium.dev/documentation/webdriver/troubleshooting/errors#nosuchelementexception
Build info: version: '4.40.0', revision: 'b3333f1'
System info: os.name: 'Windows 11', os.arch: 'amd64', os.version: '10.0', java.version: '21.0.8'
Driver info: org.openqa.selenium.firefox.FirefoxDriver
Command: [0e53afb5-fe6f-4ed9-b915-2b2a9bed624d, findElement {value=//button[text()=' Login '], using=xpath}]
Capabilities {acceptInsecureCerts: true, browserName: firefox, browserVersion: 152.0.4, moz:accessibilityChecks: false, moz:buildID: 20260629141727, moz:geckodriverVersion: 0.37.0, moz:headless: true, moz:platformVersion: 10.0, moz:processID: 24992, moz:profile: C:\Users\Sharu\AppData\Loca..., moz:shutdownTimeout: 60000, moz:webdriverClick: true, moz:windowless: false, pageLoadStrategy: normal, platformName: windows, proxy: Proxy(), setWindowRect: true, strictFileInteractability: false, timeouts: {implicit: 0, pageLoad: 300000, script: 30000}, unhandledPromptBehavior: dismiss and notify, userAgent: Mozilla/5.0 (Windows NT 10....}
Session ID: 0e53afb5-fe6f-4ed9-b915-2b2a9bed624d
2026-07-03 09:18:32 [TestNG-test-Test-1] ERROR ActionDriver - Unable to get Element Description:Unable to locate element: //button[text()=' Login ']
For documentation on this error, please visit: https://www.selenium.dev/documentation/webdriver/troubleshooting/errors#nosuchelementexception
Build info: version: '4.40.0', revision: 'b3333f1'
System info: os.name: 'Windows 11', os.arch: 'amd64', os.version: '10.0', java.version: '21.0.8'
Driver info: org.openqa.selenium.firefox.FirefoxDriver
Command: [bb1c4d39-d0c9-4fd0-9d0b-bcf1396bcc27, findElement {value=//button[text()=' Login '], using=xpath}]
Capabilities {acceptInsecureCerts: true, browserName: firefox, browserVersion: 152.0.4, moz:accessibilityChecks: false, moz:buildID: 20260629141727, moz:geckodriverVersion: 0.37.0, moz:headless: true, moz:platformVersion: 10.0, moz:processID: 18616, moz:profile: C:\Users\Sharu\AppData\Loca..., moz:shutdownTimeout: 60000, moz:webdriverClick: true, moz:windowless: false, pageLoadStrategy: normal, platformName: windows, proxy: Proxy(), setWindowRect: true, strictFileInteractability: false, timeouts: {implicit: 0, pageLoad: 300000, script: 30000}, unhandledPromptBehavior: dismiss and notify, userAgent: Mozilla/5.0 (Windows NT 10....}
Session ID: bb1c4d39-d0c9-4fd0-9d0b-bcf1396bcc27
2026-07-03 09:18:33 [TestNG-test-Test-3] ERROR ActionDriver - Unable to get Element Description:Unable to locate element: //a[text()='Logout']
For documentation on this error, please visit: https://www.selenium.dev/documentation/webdriver/troubleshooting/errors#nosuchelementexception
Build info: version: '4.40.0', revision: 'b3333f1'
System info: os.name: 'Windows 11', os.arch: 'amd64', os.version: '10.0', java.version: '21.0.8'
Driver info: org.openqa.selenium.firefox.FirefoxDriver
Command: [798837db-6bb7-4ac7-b6b7-493db7ba3889, findElement {value=//a[text()='Logout'], using=xpath}]
Capabilities {acceptInsecureCerts: true, browserName: firefox, browserVersion: 152.0.4, moz:accessibilityChecks: false, moz:buildID: 20260629141727, moz:geckodriverVersion: 0.37.0, moz:headless: true, moz:platformVersion: 10.0, moz:processID: 22656, moz:profile: C:\Users\Sharu\AppData\Loca..., moz:shutdownTimeout: 60000, moz:webdriverClick: true, moz:windowless: false, pageLoadStrategy: normal, platformName: windows, proxy: Proxy(), setWindowRect: true, strictFileInteractability: false, timeouts: {implicit: 0, pageLoad: 300000, script: 30000}, unhandledPromptBehavior: dismiss and notify, userAgent: Mozilla/5.0 (Windows NT 10....}
Session ID: 798837db-6bb7-4ac7-b6b7-493db7ba3889
2026-07-03 09:18:33 [TestNG-test-Test-3] INFO  ActionDriver - Clicked an element Unable to get Element Description
]]></system-out>
  </testcase>
  <testcase name="verifyEmployeeDetailsTest[2.0, john](1)" classname="com.hrmtest.tests.DBTest" time="22.759">
    <system-out><![CDATA[2026-07-03 09:18:37 [TestNG-test-Test-2] ERROR ActionDriver - Unable to get Element Description:Unable to locate element: //button[text()=' Login ']
For documentation on this error, please visit: https://www.selenium.dev/documentation/webdriver/troubleshooting/errors#nosuchelementexception
Build info: version: '4.40.0', revision: 'b3333f1'
System info: os.name: 'Windows 11', os.arch: 'amd64', os.version: '10.0', java.version: '21.0.8'
Driver info: org.openqa.selenium.firefox.FirefoxDriver
Command: [0e53afb5-fe6f-4ed9-b915-2b2a9bed624d, findElement {value=//button[text()=' Login '], using=xpath}]
Capabilities {acceptInsecureCerts: true, browserName: firefox, browserVersion: 152.0.4, moz:accessibilityChecks: false, moz:buildID: 20260629141727, moz:geckodriverVersion: 0.37.0, moz:headless: true, moz:platformVersion: 10.0, moz:processID: 24992, moz:profile: C:\Users\Sharu\AppData\Loca..., moz:shutdownTimeout: 60000, moz:webdriverClick: true, moz:windowless: false, pageLoadStrategy: normal, platformName: windows, proxy: Proxy(), setWindowRect: true, strictFileInteractability: false, timeouts: {implicit: 0, pageLoad: 300000, script: 30000}, unhandledPromptBehavior: dismiss and notify, userAgent: Mozilla/5.0 (Windows NT 10....}
Session ID: 0e53afb5-fe6f-4ed9-b915-2b2a9bed624d
2026-07-03 09:18:37 [TestNG-test-Test-2] INFO  ActionDriver - Clicked an element Unable to get Element Description
2026-07-03 09:18:37 [TestNG-test-Test-2] INFO  ActionDriver - Applied border for element Element with Text:Admin
2026-07-03 09:18:37 [TestNG-test-Test-2] INFO  ActionDriver - Element is displayed:Element with Text:Admin
2026-07-03 09:18:37 [TestNG-test-Test-2] INFO  ActionDriver - Applied border for element Element with Text:Test Saranya
2026-07-03 09:18:37 [TestNG-test-Test-2] INFO  ActionDriver - Clicked an element Element with Text:Test Saranya
2026-07-03 09:18:37 [TestNG-test-Test-2] INFO  ActionDriver - Applied border for element Element with Text:Logout
2026-07-03 09:18:37 [TestNG-test-Test-1] ERROR ActionDriver - Unable to get Element Description:Unable to locate element: //button[text()=' Login ']
For documentation on this error, please visit: https://www.selenium.dev/documentation/webdriver/troubleshooting/errors#nosuchelementexception
Build info: version: '4.40.0', revision: 'b3333f1'
System info: os.name: 'Windows 11', os.arch: 'amd64', os.version: '10.0', java.version: '21.0.8'
Driver info: org.openqa.selenium.firefox.FirefoxDriver
Command: [bb1c4d39-d0c9-4fd0-9d0b-bcf1396bcc27, findElement {value=//button[text()=' Login '], using=xpath}]
Capabilities {acceptInsecureCerts: true, browserName: firefox, browserVersion: 152.0.4, moz:accessibilityChecks: false, moz:buildID: 20260629141727, moz:geckodriverVersion: 0.37.0, moz:headless: true, moz:platformVersion: 10.0, moz:processID: 18616, moz:profile: C:\Users\Sharu\AppData\Loca..., moz:shutdownTimeout: 60000, moz:webdriverClick: true, moz:windowless: false, pageLoadStrategy: normal, platformName: windows, proxy: Proxy(), setWindowRect: true, strictFileInteractability: false, timeouts: {implicit: 0, pageLoad: 300000, script: 30000}, unhandledPromptBehavior: dismiss and notify, userAgent: Mozilla/5.0 (Windows NT 10....}
Session ID: bb1c4d39-d0c9-4fd0-9d0b-bcf1396bcc27
2026-07-03 09:18:37 [TestNG-test-Test-1] INFO  ActionDriver - Clicked an element Unable to get Element Description
2026-07-03 09:18:37 [TestNG-test-Test-1] INFO  ActionDriver - Applied border for element Element with Text:PIM
2026-07-03 09:18:42 [TestNG-test-Test-1] INFO  ActionDriver - Clicked an element Element with Text:PIM
2026-07-03 09:18:42 [TestNG-test-Test-1] INFO  ActionDriver - Applied border for element Element with placeholder:Type for hints...
2026-07-03 09:18:42 [TestNG-test-Test-1] INFO  ActionDriver - Entered text to element:Element with placeholder:Type for hints...
2026-07-03 09:18:42 [TestNG-test-Test-1] INFO  ActionDriver - Applied border for element Element with Text:Search
2026-07-03 09:18:42 [TestNG-test-Test-1] INFO  ActionDriver - Clicked an element Element with Text:Search
2026-07-03 09:18:44 [TestNG-test-Test-2] ERROR ActionDriver - Unable to get Element Description:Unable to locate element: //a[text()='Logout']
For documentation on this error, please visit: https://www.selenium.dev/documentation/webdriver/troubleshooting/errors#nosuchelementexception
Build info: version: '4.40.0', revision: 'b3333f1'
System info: os.name: 'Windows 11', os.arch: 'amd64', os.version: '10.0', java.version: '21.0.8'
Driver info: org.openqa.selenium.firefox.FirefoxDriver
Command: [0e53afb5-fe6f-4ed9-b915-2b2a9bed624d, findElement {value=//a[text()='Logout'], using=xpath}]
Capabilities {acceptInsecureCerts: true, browserName: firefox, browserVersion: 152.0.4, moz:accessibilityChecks: false, moz:buildID: 20260629141727, moz:geckodriverVersion: 0.37.0, moz:headless: true, moz:platformVersion: 10.0, moz:processID: 24992, moz:profile: C:\Users\Sharu\AppData\Loca..., moz:shutdownTimeout: 60000, moz:webdriverClick: true, moz:windowless: false, pageLoadStrategy: normal, platformName: windows, proxy: Proxy(), setWindowRect: true, strictFileInteractability: false, timeouts: {implicit: 0, pageLoad: 300000, script: 30000}, unhandledPromptBehavior: dismiss and notify, userAgent: Mozilla/5.0 (Windows NT 10....}
Session ID: 0e53afb5-fe6f-4ed9-b915-2b2a9bed624d
2026-07-03 09:18:45 [TestNG-test-Test-1] INFO  ActionDriver - Applied border for element Element with Text:John N
2026-07-03 09:18:45 [TestNG-test-Test-1] INFO  DBConnections - Starting DB Connection
2026-07-03 09:18:45 [TestNG-test-Test-1] INFO  DBConnections -  DB Connection established
2026-07-03 09:18:45 [TestNG-test-Test-1] INFO  DBConnections - Executing query: SELECT emp_firstname,emp_middle_name,emp_lastname FROM `hs_hr_employee` WHERE employee_id=2 
2026-07-03 09:18:45 [TestNG-test-Test-1] INFO  DBConnections - Query Executed Successfully
2026-07-03 09:18:45 [TestNG-test-Test-1] INFO  DBConnections - Employee Details found{empLastName=Paul, empFirstName=John, empMiddleName=N}
2026-07-03 09:18:45 [TestNG-test-Test-1] INFO  ActionDriver - Applied border for element Element with Text:John N
2026-07-03 09:18:45 [TestNG-test-Test-1] INFO  ActionDriver - Compare Text passed John N equals John N
2026-07-03 09:18:45 [TestNG-test-Test-1] INFO  ActionDriver - Applied border for element Element with Text:Paul
2026-07-03 09:18:45 [TestNG-test-Test-1] INFO  ActionDriver - Compare Text passed Paul equals Paul
Test completed
]]></system-out>
    <system-err><![CDATA[Jul 03, 2026 9:18:45 AM io.opentelemetry.api.GlobalOpenTelemetry maybeAutoConfigureAndSetGlobal
INFO: AutoConfiguredOpenTelemetrySdk found on classpath but automatic configuration is disabled. To enable, run your JVM with -Dotel.java.global-autoconfigure.enabled=true
]]></system-err>
  </testcase>
</testsuite>