<?xml version="1.0" encoding="UTF-8"?>
<testng-results ignored="0" total="6" passed="6" failed="0" skipped="0">
  <reporter-output>
  </reporter-output>
  <suite started-at="2026-07-08T07:26:11 IST" name="Suite" finished-at="2026-07-08T07:27:27 IST" duration-ms="76631">
    <groups>
    </groups>
    <test started-at="2026-07-08T07:26:11 IST" name="Test" finished-at="2026-07-08T07:27:15 IST" duration-ms="63823">
      <class name="com.hrmtest.tests.DBTest">
        <test-method is-config="true" signature="setup(java.lang.String)[pri:0, instance:com.hrmtest.tests.DBTest@ee86bcb]" started-at="2026-07-08T07:26:11 IST" name="setup" finished-at="2026-07-08T07:26:36 IST" duration-ms="24684" status="PASS">
          <params>
            <param index="0">
              <value>
                <![CDATA[firefox]]>
              </value>
            </param>
          </params>
          <reporter-output>
          </reporter-output>
        </test-method> <!-- setup -->
        <test-method is-config="true" signature="setupPages()[pri:0, instance:com.hrmtest.tests.DBTest@ee86bcb]" started-at="2026-07-08T07:26:36 IST" name="setupPages" finished-at="2026-07-08T07:26:36 IST" duration-ms="6" status="PASS">
          <reporter-output>
          </reporter-output>
        </test-method> <!-- setupPages -->
        <test-method signature="verifyEmployeeDetailsTest(java.lang.String,java.lang.String)[pri:0, instance:com.hrmtest.tests.DBTest@ee86bcb]" started-at="2026-07-08T07:26:36 IST" name="verifyEmployeeDetailsTest" data-provider="DBTesting" finished-at="2026-07-08T07:27:02 IST" duration-ms="26151" status="PASS">
          <params>
            <param index="0">
              <value>
                <![CDATA[2.0]]>
              </value>
            </param>
            <param index="1">
              <value>
                <![CDATA[john]]>
              </value>
            </param>
          </params>
          <reporter-output>
          </reporter-output>
        </test-method> <!-- verifyEmployeeDetailsTest -->
        <test-method is-config="true" signature="tearDown()[pri:0, instance:com.hrmtest.tests.DBTest@ee86bcb]" started-at="2026-07-08T07:27:03 IST" name="tearDown" finished-at="2026-07-08T07:27:04 IST" duration-ms="1106" status="PASS">
          <reporter-output>
          </reporter-output>
        </test-method> <!-- tearDown -->
      </class> <!-- com.hrmtest.tests.DBTest -->
      <class name="com.hrmtest.tests.LoginPageTest">
        <test-method is-config="true" signature="setup(java.lang.String)[pri:0, instance:com.hrmtest.tests.LoginPageTest@52c3cb31]" started-at="2026-07-08T07:26:11 IST" name="setup" finished-at="2026-07-08T07:26:36 IST" duration-ms="24704" status="PASS">
          <params>
            <param index="0">
              <value>
                <![CDATA[firefox]]>
              </value>
            </param>
          </params>
          <reporter-output>
          </reporter-output>
        </test-method> <!-- setup -->
        <test-method is-config="true" signature="setupPages()[pri:0, instance:com.hrmtest.tests.LoginPageTest@52c3cb31]" started-at="2026-07-08T07:26:36 IST" name="setupPages" finished-at="2026-07-08T07:26:36 IST" duration-ms="1" status="PASS">
          <reporter-output>
          </reporter-output>
        </test-method> <!-- setupPages -->
        <test-method signature="invalidLoginTest(java.lang.String,java.lang.String)[pri:0, instance:com.hrmtest.tests.LoginPageTest@52c3cb31]" started-at="2026-07-08T07:26:36 IST" name="invalidLoginTest" data-provider="InvalidLogin" finished-at="2026-07-08T07:26:41 IST" duration-ms="4395" status="PASS">
          <params>
            <param index="0">
              <value>
                <![CDATA[orangehrm2]]>
              </value>
            </param>
            <param index="1">
              <value>
                <![CDATA[Admin$1234]]>
              </value>
            </param>
          </params>
          <reporter-output>
          </reporter-output>
        </test-method> <!-- invalidLoginTest -->
        <test-method is-config="true" signature="tearDown()[pri:0, instance:com.hrmtest.tests.LoginPageTest@52c3cb31]" started-at="2026-07-08T07:26:41 IST" name="tearDown" finished-at="2026-07-08T07:26:41 IST" duration-ms="674" status="PASS">
          <reporter-output>
          </reporter-output>
        </test-method> <!-- tearDown -->
        <test-method is-config="true" signature="setup(java.lang.String)[pri:0, instance:com.hrmtest.tests.LoginPageTest@52c3cb31]" started-at="2026-07-08T07:26:41 IST" name="setup" finished-at="2026-07-08T07:26:47 IST" duration-ms="5446" status="PASS">
          <params>
            <param index="0">
              <value>
                <![CDATA[firefox]]>
              </value>
            </param>
          </params>
          <reporter-output>
          </reporter-output>
        </test-method> <!-- setup -->
        <test-method is-config="true" signature="setupPages()[pri:0, instance:com.hrmtest.tests.LoginPageTest@52c3cb31]" started-at="2026-07-08T07:26:47 IST" name="setupPages" finished-at="2026-07-08T07:26:47 IST" duration-ms="1" status="PASS">
          <reporter-output>
          </reporter-output>
        </test-method> <!-- setupPages -->
        <test-method signature="validLoginTest(java.lang.String,java.lang.String)[pri:0, instance:com.hrmtest.tests.LoginPageTest@52c3cb31]" started-at="2026-07-08T07:26:47 IST" name="validLoginTest" data-provider="ValidLogin" finished-at="2026-07-08T07:27:14 IST" duration-ms="26966" status="PASS">
          <params>
            <param index="0">
              <value>
                <![CDATA[orangehrm1]]>
              </value>
            </param>
            <param index="1">
              <value>
                <![CDATA[aDmin$1234]]>
              </value>
            </param>
          </params>
          <reporter-output>
          </reporter-output>
        </test-method> <!-- validLoginTest -->
        <test-method is-config="true" signature="tearDown()[pri:0, instance:com.hrmtest.tests.LoginPageTest@52c3cb31]" started-at="2026-07-08T07:27:14 IST" name="tearDown" finished-at="2026-07-08T07:27:15 IST" duration-ms="653" status="PASS">
          <reporter-output>
          </reporter-output>
        </test-method> <!-- tearDown -->
      </class> <!-- com.hrmtest.tests.LoginPageTest -->
      <class name="com.hrmtest.tests.HomePageTest">
        <test-method is-config="true" signature="setup(java.lang.String)[pri:0, instance:com.hrmtest.tests.HomePageTest@1921ad94]" started-at="2026-07-08T07:26:11 IST" name="setup" finished-at="2026-07-08T07:26:36 IST" duration-ms="24689" status="PASS">
          <params>
            <param index="0">
              <value>
                <![CDATA[firefox]]>
              </value>
            </param>
          </params>
          <reporter-output>
          </reporter-output>
        </test-method> <!-- setup -->
        <test-method is-config="true" signature="setupPages()[pri:0, instance:com.hrmtest.tests.HomePageTest@1921ad94]" started-at="2026-07-08T07:26:36 IST" name="setupPages" finished-at="2026-07-08T07:26:36 IST" duration-ms="2" status="PASS">
          <reporter-output>
          </reporter-output>
        </test-method> <!-- setupPages -->
        <test-method signature="verifyOrangeHRMlogo(java.lang.String,java.lang.String)[pri:0, instance:com.hrmtest.tests.HomePageTest@1921ad94]" started-at="2026-07-08T07:26:36 IST" name="verifyOrangeHRMlogo" data-provider="ValidLogin" finished-at="2026-07-08T07:27:04 IST" duration-ms="27928" status="PASS">
          <params>
            <param index="0">
              <value>
                <![CDATA[orangehrm1]]>
              </value>
            </param>
            <param index="1">
              <value>
                <![CDATA[aDmin$1234]]>
              </value>
            </param>
          </params>
          <reporter-output>
          </reporter-output>
        </test-method> <!-- verifyOrangeHRMlogo -->
        <test-method is-config="true" signature="tearDown()[pri:0, instance:com.hrmtest.tests.HomePageTest@1921ad94]" started-at="2026-07-08T07:27:04 IST" name="tearDown" finished-at="2026-07-08T07:27:05 IST" duration-ms="976" status="PASS">
          <reporter-output>
          </reporter-output>
        </test-method> <!-- tearDown -->
      </class> <!-- com.hrmtest.tests.HomePageTest -->
    </test> <!-- Test -->
    <test started-at="2026-07-08T07:27:16 IST" name="Test1" finished-at="2026-07-08T07:27:21 IST" duration-ms="5199">
      <class name="com.hrmtest.tests.DummyTest">
        <test-method is-config="true" signature="setup(java.lang.String)[pri:0, instance:com.hrmtest.tests.DummyTest@7776ab]" started-at="2026-07-08T07:27:16 IST" name="setup" finished-at="2026-07-08T07:27:21 IST" duration-ms="5004" status="PASS">
          <params>
            <param index="0">
              <value>
                <![CDATA[chrome]]>
              </value>
            </param>
          </params>
          <reporter-output>
          </reporter-output>
        </test-method> <!-- setup -->
        <test-method signature="testTitle()[pri:0, instance:com.hrmtest.tests.DummyTest@7776ab]" started-at="2026-07-08T07:27:21 IST" name="testTitle" finished-at="2026-07-08T07:27:21 IST" duration-ms="15" status="PASS">
          <reporter-output>
          </reporter-output>
        </test-method> <!-- testTitle -->
        <test-method is-config="true" signature="tearDown()[pri:0, instance:com.hrmtest.tests.DummyTest@7776ab]" started-at="2026-07-08T07:27:21 IST" name="tearDown" finished-at="2026-07-08T07:27:21 IST" duration-ms="83" status="PASS">
          <reporter-output>
          </reporter-output>
        </test-method> <!-- tearDown -->
      </class> <!-- com.hrmtest.tests.DummyTest -->
    </test> <!-- Test1 -->
    <test started-at="2026-07-08T07:27:22 IST" name="Test2" finished-at="2026-07-08T07:27:27 IST" duration-ms="5041">
      <class name="com.hrmtest.tests.DummyTest">
        <test-method is-config="true" signature="loadConfig()[pri:0, instance:com.hrmtest.tests.DummyTest@dbd8e44]" started-at="2026-07-08T07:26:11 IST" name="loadConfig" finished-at="2026-07-08T07:26:11 IST" duration-ms="19" status="PASS">
          <reporter-output>
          </reporter-output>
        </test-method> <!-- loadConfig -->
        <test-method is-config="true" signature="setup(java.lang.String)[pri:0, instance:com.hrmtest.tests.DummyTest@dbd8e44]" started-at="2026-07-08T07:27:22 IST" name="setup" finished-at="2026-07-08T07:27:27 IST" duration-ms="4843" status="PASS">
          <params>
            <param index="0">
              <value>
                <![CDATA[edge]]>
              </value>
            </param>
          </params>
          <reporter-output>
          </reporter-output>
        </test-method> <!-- setup -->
        <test-method signature="testTitle()[pri:0, instance:com.hrmtest.tests.DummyTest@dbd8e44]" started-at="2026-07-08T07:27:27 IST" name="testTitle" finished-at="2026-07-08T07:27:27 IST" duration-ms="27" status="PASS">
          <reporter-output>
          </reporter-output>
        </test-method> <!-- testTitle -->
        <test-method is-config="true" signature="tearDown()[pri:0, instance:com.hrmtest.tests.DummyTest@dbd8e44]" started-at="2026-07-08T07:27:27 IST" name="tearDown" finished-at="2026-07-08T07:27:27 IST" duration-ms="82" status="PASS">
          <reporter-output>
          </reporter-output>
        </test-method> <!-- tearDown -->
      </class> <!-- com.hrmtest.tests.DummyTest -->
    </test> <!-- Test2 -->
  </suite> <!-- Suite -->
</testng-results>
