<?xml version="1.0" encoding="UTF-8"?>
<testng-results ignored="0" total="5" passed="5" failed="0" skipped="0">
  <reporter-output>
  </reporter-output>
  <suite started-at="2026-07-02T10:16:01 IST" name="Suite" finished-at="2026-07-02T10:16:52 IST" duration-ms="51444">
    <groups>
    </groups>
    <test started-at="2026-07-02T10:16:01 IST" name="Test" finished-at="2026-07-02T10:16:52 IST" duration-ms="51444">
      <class name="com.hrmtest.tests.DBTest">
        <test-method is-config="true" signature="setup()[pri:0, instance:com.hrmtest.tests.DBTest@40db2a24]" started-at="2026-07-02T10:16:11 IST" name="setup" finished-at="2026-07-02T10:16:18 IST" duration-ms="6831" status="PASS">
          <reporter-output>
          </reporter-output>
        </test-method> <!-- setup -->
        <test-method is-config="true" signature="setupPages()[pri:0, instance:com.hrmtest.tests.DBTest@40db2a24]" started-at="2026-07-02T10:16:18 IST" name="setupPages" finished-at="2026-07-02T10:16:18 IST" duration-ms="2" status="PASS">
          <reporter-output>
          </reporter-output>
        </test-method> <!-- setupPages -->
        <test-method signature="verifyEmployeeDetailsTest(java.lang.String,java.lang.String)[pri:0, instance:com.hrmtest.tests.DBTest@40db2a24]" started-at="2026-07-02T10:16:18 IST" name="verifyEmployeeDetailsTest" data-provider="DBTesting" finished-at="2026-07-02T10:16:38 IST" duration-ms="19939" status="PASS">
          <params>
            <param index="0">
              <value>
                <![CDATA[2.0]]>
              </value>
            </param>
            <param index="1">
              <value>
                <![CDATA[john]]>
              </value>
            </param>
          </params>
          <reporter-output>
          </reporter-output>
        </test-method> <!-- verifyEmployeeDetailsTest -->
        <test-method is-config="true" signature="tearDown()[pri:0, instance:com.hrmtest.tests.DBTest@40db2a24]" started-at="2026-07-02T10:16:38 IST" name="tearDown" finished-at="2026-07-02T10:16:39 IST" duration-ms="1049" status="PASS">
          <reporter-output>
          </reporter-output>
        </test-method> <!-- tearDown -->
      </class> <!-- com.hrmtest.tests.DBTest -->
      <class name="com.hrmtest.tests.LoginPageTest">
        <test-method is-config="true" signature="setup()[pri:0, instance:com.hrmtest.tests.LoginPageTest@53941c2f]" started-at="2026-07-02T10:16:02 IST" name="setup" finished-at="2026-07-02T10:16:14 IST" duration-ms="12242" status="PASS">
          <reporter-output>
          </reporter-output>
        </test-method> <!-- setup -->
        <test-method is-config="true" signature="setupPages()[pri:0, instance:com.hrmtest.tests.LoginPageTest@53941c2f]" started-at="2026-07-02T10:16:14 IST" name="setupPages" finished-at="2026-07-02T10:16:14 IST" duration-ms="2" status="PASS">
          <reporter-output>
          </reporter-output>
        </test-method> <!-- setupPages -->
        <test-method signature="invalidLoginTest(java.lang.String,java.lang.String)[pri:0, instance:com.hrmtest.tests.LoginPageTest@53941c2f]" started-at="2026-07-02T10:16:14 IST" name="invalidLoginTest" data-provider="InvalidLogin" finished-at="2026-07-02T10:16:18 IST" duration-ms="4183" status="PASS">
          <params>
            <param index="0">
              <value>
                <![CDATA[orangehrm2]]>
              </value>
            </param>
            <param index="1">
              <value>
                <![CDATA[Admin$1234]]>
              </value>
            </param>
          </params>
          <reporter-output>
          </reporter-output>
        </test-method> <!-- invalidLoginTest -->
        <test-method is-config="true" signature="tearDown()[pri:0, instance:com.hrmtest.tests.LoginPageTest@53941c2f]" started-at="2026-07-02T10:16:18 IST" name="tearDown" finished-at="2026-07-02T10:16:19 IST" duration-ms="611" status="PASS">
          <reporter-output>
          </reporter-output>
        </test-method> <!-- tearDown -->
        <test-method is-config="true" signature="setup()[pri:0, instance:com.hrmtest.tests.LoginPageTest@53941c2f]" started-at="2026-07-02T10:16:19 IST" name="setup" finished-at="2026-07-02T10:16:27 IST" duration-ms="8429" status="PASS">
          <reporter-output>
          </reporter-output>
        </test-method> <!-- setup -->
        <test-method is-config="true" signature="setupPages()[pri:0, instance:com.hrmtest.tests.LoginPageTest@53941c2f]" started-at="2026-07-02T10:16:27 IST" name="setupPages" finished-at="2026-07-02T10:16:27 IST" duration-ms="1" status="PASS">
          <reporter-output>
          </reporter-output>
        </test-method> <!-- setupPages -->
        <test-method signature="validLoginTest(java.lang.String,java.lang.String)[pri:0, instance:com.hrmtest.tests.LoginPageTest@53941c2f]" started-at="2026-07-02T10:16:27 IST" name="validLoginTest" data-provider="ValidLogin" finished-at="2026-07-02T10:16:51 IST" duration-ms="23922" status="PASS">
          <params>
            <param index="0">
              <value>
                <![CDATA[orangehrm1]]>
              </value>
            </param>
            <param index="1">
              <value>
                <![CDATA[aDmin$1234]]>
              </value>
            </param>
          </params>
          <reporter-output>
          </reporter-output>
        </test-method> <!-- validLoginTest -->
        <test-method is-config="true" signature="tearDown()[pri:0, instance:com.hrmtest.tests.LoginPageTest@53941c2f]" started-at="2026-07-02T10:16:51 IST" name="tearDown" finished-at="2026-07-02T10:16:52 IST" duration-ms="1117" status="PASS">
          <reporter-output>
          </reporter-output>
        </test-method> <!-- tearDown -->
      </class> <!-- com.hrmtest.tests.LoginPageTest -->
      <class name="com.hrmtest.tests.DummyTest">
        <test-method is-config="true" signature="loadConfig()[pri:0, instance:com.hrmtest.tests.DummyTest@336f1079]" started-at="2026-07-02T10:16:01 IST" name="loadConfig" finished-at="2026-07-02T10:16:01 IST" duration-ms="19" status="PASS">
          <reporter-output>
          </reporter-output>
        </test-method> <!-- loadConfig -->
        <test-method is-config="true" signature="setup()[pri:0, instance:com.hrmtest.tests.DummyTest@336f1079]" started-at="2026-07-02T10:16:01 IST" name="setup" finished-at="2026-07-02T10:16:10 IST" duration-ms="9025" status="PASS">
          <reporter-output>
          </reporter-output>
        </test-method> <!-- setup -->
        <test-method signature="testTitle()[pri:0, instance:com.hrmtest.tests.DummyTest@336f1079]" started-at="2026-07-02T10:16:10 IST" name="testTitle" finished-at="2026-07-02T10:16:10 IST" duration-ms="10" status="PASS">
          <reporter-output>
          </reporter-output>
        </test-method> <!-- testTitle -->
        <test-method is-config="true" signature="tearDown()[pri:0, instance:com.hrmtest.tests.DummyTest@336f1079]" started-at="2026-07-02T10:16:10 IST" name="tearDown" finished-at="2026-07-02T10:16:11 IST" duration-ms="783" status="PASS">
          <reporter-output>
          </reporter-output>
        </test-method> <!-- tearDown -->
      </class> <!-- com.hrmtest.tests.DummyTest -->
      <class name="com.hrmtest.tests.HomePageTest">
        <test-method is-config="true" signature="setup()[pri:0, instance:com.hrmtest.tests.HomePageTest@1f010bf0]" started-at="2026-07-02T10:16:02 IST" name="setup" finished-at="2026-07-02T10:16:10 IST" duration-ms="8465" status="PASS">
          <reporter-output>
          </reporter-output>
        </test-method> <!-- setup -->
        <test-method is-config="true" signature="setupPages()[pri:0, instance:com.hrmtest.tests.HomePageTest@1f010bf0]" started-at="2026-07-02T10:16:10 IST" name="setupPages" finished-at="2026-07-02T10:16:10 IST" duration-ms="2" status="PASS">
          <reporter-output>
          </reporter-output>
        </test-method> <!-- setupPages -->
        <test-method signature="verifyOrangeHRMlogo(java.lang.String,java.lang.String)[pri:0, instance:com.hrmtest.tests.HomePageTest@1f010bf0]" started-at="2026-07-02T10:16:10 IST" name="verifyOrangeHRMlogo" data-provider="ValidLogin" finished-at="2026-07-02T10:16:37 IST" duration-ms="26515" status="PASS">
          <params>
            <param index="0">
              <value>
                <![CDATA[orangehrm1]]>
              </value>
            </param>
            <param index="1">
              <value>
                <![CDATA[aDmin$1234]]>
              </value>
            </param>
          </params>
          <reporter-output>
          </reporter-output>
        </test-method> <!-- verifyOrangeHRMlogo -->
        <test-method is-config="true" signature="tearDown()[pri:0, instance:com.hrmtest.tests.HomePageTest@1f010bf0]" started-at="2026-07-02T10:16:37 IST" name="tearDown" finished-at="2026-07-02T10:16:38 IST" duration-ms="1298" status="PASS">
          <reporter-output>
          </reporter-output>
        </test-method> <!-- tearDown -->
      </class> <!-- com.hrmtest.tests.HomePageTest -->
    </test> <!-- Test -->
  </suite> <!-- Suite -->
</testng-results>
