<?xml version="1.0" encoding="UTF-8"?>
<!-- Generated by org.testng.reporters.JUnitReportReporter -->
<testsuite hostname="LAPTOP-8URA8GOU" failures="0" tests="2" name="com.hrmtest.tests.LoginPageTest" time="62.840" errors="0" timestamp="2026-07-08T07:27:29 IST" skipped="0">
  <testcase classname="com.hrmtest.tests.LoginPageTest" name="validLoginTest" time="52.345"/>
  <testcase classname="com.hrmtest.tests.LoginPageTest" name="invalidLoginTest" time="10.495"/>
</testsuite> <!-- com.hrmtest.tests.LoginPageTest -->
