<?xml version="1.0" encoding="UTF-8"?>
<!-- Generated by org.testng.reporters.JUnitReportReporter -->
<testsuite hostname="LAPTOP-8URA8GOU" failures="0" tests="2" name="com.hrmtest.tests.LoginPageTest" time="87.140" errors="0" timestamp="2026-07-02T10:26:12 IST" skipped="0">
  <testcase classname="com.hrmtest.tests.LoginPageTest" name="invalidLoginTest" time="42.884"/>
  <testcase classname="com.hrmtest.tests.LoginPageTest" name="validLoginTest" time="44.256"/>
</testsuite> <!-- com.hrmtest.tests.LoginPageTest -->
