<?xml version="1.0" encoding="UTF-8"?>
<!-- Generated by org.testng.reporters.JUnitReportReporter -->
<testsuite hostname="LAPTOP-8URA8GOU" failures="0" tests="2" name="com.hrmtest.tests.LoginPageTest" time="83.594" errors="0" timestamp="2026-07-03T09:33:59 IST" skipped="0">
  <testcase classname="com.hrmtest.tests.LoginPageTest" name="invalidLoginTest" time="33.580"/>
  <testcase classname="com.hrmtest.tests.LoginPageTest" name="validLoginTest" time="50.014"/>
</testsuite> <!-- com.hrmtest.tests.LoginPageTest -->
